<?xml version="1.0" encoding="UTF-8"?>
<!-- Generated by org.testng.reporters.JUnitReportReporter -->
<testsuite skipped="0" hostname="MehediAziz" name="com.qa.rest.tests.GetCallBDD" tests="1" failures="0" timestamp="13 Mar 2019 21:08:00 GMT" time="1.951" errors="0">
  <testcase name="test_numberOfCircuitsFor2017_Season" time="1.951" classname="com.qa.rest.tests.GetCallBDD"/>
</testsuite> <!-- com.qa.rest.tests.GetCallBDD -->
