<?xml version="1.0" encoding="UTF-8"?>
<!-- Generated by org.testng.reporters.JUnitReportReporter -->
<testsuite skipped="0" hostname="MehediAziz" name="com.qa.rest.tests.GetWeatherInfoWithQueryParameters" tests="3" failures="0" timestamp="13 Mar 2019 19:42:49 GMT" time="1.911" errors="0">
  <testcase name="GetWeatherInfoWithOneQueryParameter" time="1.774" classname="com.qa.rest.tests.GetWeatherInfoWithQueryParameters"/>
  <testcase name="GetWeatherInfoWithTwoQueryParameter" time="0.057" classname="com.qa.rest.tests.GetWeatherInfoWithQueryParameters"/>
  <testcase name="GetWeatherInfoWithTwoXmlQueryParameter" time="0.080" classname="com.qa.rest.tests.GetWeatherInfoWithQueryParameters"/>
</testsuite> <!-- com.qa.rest.tests.GetWeatherInfoWithQueryParameters -->
